[2022-11-06 01:19:38] production.ERROR: include(C:\xampp b\htdocs\semester 5\sistem-informasi-kepegawaian-8\vendor\composer/../symfony/http-foundation/Request.php): Failed to open stream: No such file or directory {"exception":"[object] (ErrorException(code: 0): include(C:\\xampp b\\htdocs\\semester 5\\sistem-informasi-kepegawaian-8\\vendor\\composer/../symfony/http-foundation/Request.php): Failed to open stream: No such file or directory at C:\\xampp b\\htdocs\\semester 5\\sistem-informasi-kepegawaian-8\\vendor\\composer\\ClassLoader.php:571)
[stacktrace]
#0 C:\\xampp b\\htdocs\\semester 5\\sistem-informasi-kepegawaian-8\\vendor\\composer\\ClassLoader.php(571): Illuminate\\Foundation\\Bootstrap\\HandleExceptions->handleError(2, 'include(C:\\\\xamp...', 'C:\\\\xampp b\\\\htdo...', 571)
#1 C:\\xampp b\\htdocs\\semester 5\\sistem-informasi-kepegawaian-8\\vendor\\composer\\ClassLoader.php(571): include()
#2 C:\\xampp b\\htdocs\\semester 5\\sistem-informasi-kepegawaian-8\\vendor\\composer\\ClassLoader.php(428): Composer\\Autoload\\includeFile('C:\\\\xampp b\\\\htdo...')
#3 C:\\xampp b\\htdocs\\semester 5\\sistem-informasi-kepegawaian-8\\vendor\\laravel\\framework\\src\\Illuminate\\Http\\Request.php(20): Composer\\Autoload\\ClassLoader->loadClass('Symfony\\\\Compone...')
#4 C:\\xampp b\\htdocs\\semester 5\\sistem-informasi-kepegawaian-8\\vendor\\composer\\ClassLoader.php(571): include('C:\\\\xampp b\\\\htdo...')
#5 C:\\xampp b\\htdocs\\semester 5\\sistem-informasi-kepegawaian-8\\vendor\\composer\\ClassLoader.php(428): Composer\\Autoload\\includeFile('C:\\\\xampp b\\\\htdo...')
#6 C:\\xampp b\\htdocs\\semester 5\\sistem-informasi-kepegawaian-8\\vendor\\laravel\\framework\\src\\Illuminate\\Foundation\\Bootstrap\\SetRequestForConsole.php(31): Composer\\Autoload\\ClassLoader->loadClass('Illuminate\\\\Http...')
#7 C:\\xampp b\\htdocs\\semester 5\\sistem-informasi-kepegawaian-8\\vendor\\laravel\\framework\\src\\Illuminate\\Foundation\\Application.php(237): Illuminate\\Foundation\\Bootstrap\\SetRequestForConsole->bootstrap(Object(Illuminate\\Foundation\\Application))
#8 C:\\xampp b\\htdocs\\semester 5\\sistem-informasi-kepegawaian-8\\vendor\\laravel\\framework\\src\\Illuminate\\Foundation\\Console\\Kernel.php(310): Illuminate\\Foundation\\Application->bootstrapWith(Array)
#9 C:\\xampp b\\htdocs\\semester 5\\sistem-informasi-kepegawaian-8\\vendor\\laravel\\framework\\src\\Illuminate\\Foundation\\Console\\Kernel.php(127): Illuminate\\Foundation\\Console\\Kernel->bootstrap()
#10 C:\\xampp b\\htdocs\\semester 5\\sistem-informasi-kepegawaian-8\\artisan(37): Illuminate\\Foundation\\Console\\Kernel->handle(Object(Symfony\\Component\\Console\\Input\\ArgvInput), Object(Symfony\\Component\\Console\\Output\\ConsoleOutput))
#11 {main}
"} 
[2022-11-06 01:27:31] local.ERROR: The "--send" option does not exist. {"exception":"[object] (Symfony\\Component\\Console\\Exception\\RuntimeException(code: 0): The \"--send\" option does not exist. at C:\\xampp b\\htdocs\\semester 5\\sistem-informasi-kepegawaian-8\\vendor\\symfony\\console\\Input\\ArgvInput.php:220)
[stacktrace]
#0 C:\\xampp b\\htdocs\\semester 5\\sistem-informasi-kepegawaian-8\\vendor\\symfony\\console\\Input\\ArgvInput.php(149): Symfony\\Component\\Console\\Input\\ArgvInput->addLongOption('send', NULL)
#1 C:\\xampp b\\htdocs\\semester 5\\sistem-informasi-kepegawaian-8\\vendor\\symfony\\console\\Input\\ArgvInput.php(82): Symfony\\Component\\Console\\Input\\ArgvInput->parseLongOption('--send')
#2 C:\\xampp b\\htdocs\\semester 5\\sistem-informasi-kepegawaian-8\\vendor\\symfony\\console\\Input\\ArgvInput.php(71): Symfony\\Component\\Console\\Input\\ArgvInput->parseToken('--send', true)
#3 C:\\xampp b\\htdocs\\semester 5\\sistem-informasi-kepegawaian-8\\vendor\\symfony\\console\\Input\\Input.php(55): Symfony\\Component\\Console\\Input\\ArgvInput->parse()
#4 C:\\xampp b\\htdocs\\semester 5\\sistem-informasi-kepegawaian-8\\vendor\\symfony\\console\\Command\\Command.php(257): Symfony\\Component\\Console\\Input\\Input->bind(Object(Symfony\\Component\\Console\\Input\\InputDefinition))
#5 C:\\xampp b\\htdocs\\semester 5\\sistem-informasi-kepegawaian-8\\vendor\\symfony\\console\\Application.php(1040): Symfony\\Component\\Console\\Command\\Command->run(Object(Symfony\\Component\\Console\\Input\\ArgvInput), Object(Symfony\\Component\\Console\\Output\\ConsoleOutput))
#6 C:\\xampp b\\htdocs\\semester 5\\sistem-informasi-kepegawaian-8\\vendor\\symfony\\console\\Application.php(301): Symfony\\Component\\Console\\Application->doRunCommand(Object(Symfony\\Component\\Console\\Command\\ListCommand), Object(Symfony\\Component\\Console\\Input\\ArgvInput), Object(Symfony\\Component\\Console\\Output\\ConsoleOutput))
#7 C:\\xampp b\\htdocs\\semester 5\\sistem-informasi-kepegawaian-8\\vendor\\symfony\\console\\Application.php(171): Symfony\\Component\\Console\\Application->doRun(Object(Symfony\\Component\\Console\\Input\\ArgvInput), Object(Symfony\\Component\\Console\\Output\\ConsoleOutput))
#8 C:\\xampp b\\htdocs\\semester 5\\sistem-informasi-kepegawaian-8\\vendor\\laravel\\framework\\src\\Illuminate\\Console\\Application.php(94): Symfony\\Component\\Console\\Application->run(Object(Symfony\\Component\\Console\\Input\\ArgvInput), Object(Symfony\\Component\\Console\\Output\\ConsoleOutput))
#9 C:\\xampp b\\htdocs\\semester 5\\sistem-informasi-kepegawaian-8\\vendor\\laravel\\framework\\src\\Illuminate\\Foundation\\Console\\Kernel.php(129): Illuminate\\Console\\Application->run(Object(Symfony\\Component\\Console\\Input\\ArgvInput), Object(Symfony\\Component\\Console\\Output\\ConsoleOutput))
#10 C:\\xampp b\\htdocs\\semester 5\\sistem-informasi-kepegawaian-8\\artisan(37): Illuminate\\Foundation\\Console\\Kernel->handle(Object(Symfony\\Component\\Console\\Input\\ArgvInput), Object(Symfony\\Component\\Console\\Output\\ConsoleOutput))
#11 {main}
"} 
[2022-11-06 01:27:53] local.ERROR: The "--sead" option does not exist. {"exception":"[object] (Symfony\\Component\\Console\\Exception\\RuntimeException(code: 0): The \"--sead\" option does not exist. at C:\\xampp b\\htdocs\\semester 5\\sistem-informasi-kepegawaian-8\\vendor\\symfony\\console\\Input\\ArgvInput.php:220)
[stacktrace]
#0 C:\\xampp b\\htdocs\\semester 5\\sistem-informasi-kepegawaian-8\\vendor\\symfony\\console\\Input\\ArgvInput.php(149): Symfony\\Component\\Console\\Input\\ArgvInput->addLongOption('sead', NULL)
#1 C:\\xampp b\\htdocs\\semester 5\\sistem-informasi-kepegawaian-8\\vendor\\symfony\\console\\Input\\ArgvInput.php(82): Symfony\\Component\\Console\\Input\\ArgvInput->parseLongOption('--sead')
#2 C:\\xampp b\\htdocs\\semester 5\\sistem-informasi-kepegawaian-8\\vendor\\symfony\\console\\Input\\ArgvInput.php(71): Symfony\\Component\\Console\\Input\\ArgvInput->parseToken('--sead', true)
#3 C:\\xampp b\\htdocs\\semester 5\\sistem-informasi-kepegawaian-8\\vendor\\symfony\\console\\Input\\Input.php(55): Symfony\\Component\\Console\\Input\\ArgvInput->parse()
#4 C:\\xampp b\\htdocs\\semester 5\\sistem-informasi-kepegawaian-8\\vendor\\symfony\\console\\Command\\Command.php(257): Symfony\\Component\\Console\\Input\\Input->bind(Object(Symfony\\Component\\Console\\Input\\InputDefinition))
#5 C:\\xampp b\\htdocs\\semester 5\\sistem-informasi-kepegawaian-8\\vendor\\symfony\\console\\Application.php(1040): Symfony\\Component\\Console\\Command\\Command->run(Object(Symfony\\Component\\Console\\Input\\ArgvInput), Object(Symfony\\Component\\Console\\Output\\ConsoleOutput))
#6 C:\\xampp b\\htdocs\\semester 5\\sistem-informasi-kepegawaian-8\\vendor\\symfony\\console\\Application.php(301): Symfony\\Component\\Console\\Application->doRunCommand(Object(Symfony\\Component\\Console\\Command\\ListCommand), Object(Symfony\\Component\\Console\\Input\\ArgvInput), Object(Symfony\\Component\\Console\\Output\\ConsoleOutput))
#7 C:\\xampp b\\htdocs\\semester 5\\sistem-informasi-kepegawaian-8\\vendor\\symfony\\console\\Application.php(171): Symfony\\Component\\Console\\Application->doRun(Object(Symfony\\Component\\Console\\Input\\ArgvInput), Object(Symfony\\Component\\Console\\Output\\ConsoleOutput))
#8 C:\\xampp b\\htdocs\\semester 5\\sistem-informasi-kepegawaian-8\\vendor\\laravel\\framework\\src\\Illuminate\\Console\\Application.php(94): Symfony\\Component\\Console\\Application->run(Object(Symfony\\Component\\Console\\Input\\ArgvInput), Object(Symfony\\Component\\Console\\Output\\ConsoleOutput))
#9 C:\\xampp b\\htdocs\\semester 5\\sistem-informasi-kepegawaian-8\\vendor\\laravel\\framework\\src\\Illuminate\\Foundation\\Console\\Kernel.php(129): Illuminate\\Console\\Application->run(Object(Symfony\\Component\\Console\\Input\\ArgvInput), Object(Symfony\\Component\\Console\\Output\\ConsoleOutput))
#10 C:\\xampp b\\htdocs\\semester 5\\sistem-informasi-kepegawaian-8\\artisan(37): Illuminate\\Foundation\\Console\\Kernel->handle(Object(Symfony\\Component\\Console\\Input\\ArgvInput), Object(Symfony\\Component\\Console\\Output\\ConsoleOutput))
#11 {main}
"} 
[2022-11-06 01:29:50] local.ERROR: Command "seed" is not defined.

Did you mean one of these?
    db:seed
    make:seeder {"exception":"[object] (Symfony\\Component\\Console\\Exception\\CommandNotFoundException(code: 0): Command \"seed\" is not defined.

Did you mean one of these?
    db:seed
    make:seeder at C:\\xampp b\\htdocs\\semester 5\\sistem-informasi-kepegawaian-8\\vendor\\symfony\\console\\Application.php:720)
[stacktrace]
#0 C:\\xampp b\\htdocs\\semester 5\\sistem-informasi-kepegawaian-8\\vendor\\symfony\\console\\Application.php(259): Symfony\\Component\\Console\\Application->find('seed')
#1 C:\\xampp b\\htdocs\\semester 5\\sistem-informasi-kepegawaian-8\\vendor\\symfony\\console\\Application.php(171): Symfony\\Component\\Console\\Application->doRun(Object(Symfony\\Component\\Console\\Input\\ArgvInput), Object(Symfony\\Component\\Console\\Output\\ConsoleOutput))
#2 C:\\xampp b\\htdocs\\semester 5\\sistem-informasi-kepegawaian-8\\vendor\\laravel\\framework\\src\\Illuminate\\Console\\Application.php(94): Symfony\\Component\\Console\\Application->run(Object(Symfony\\Component\\Console\\Input\\ArgvInput), Object(Symfony\\Component\\Console\\Output\\ConsoleOutput))
#3 C:\\xampp b\\htdocs\\semester 5\\sistem-informasi-kepegawaian-8\\vendor\\laravel\\framework\\src\\Illuminate\\Foundation\\Console\\Kernel.php(129): Illuminate\\Console\\Application->run(Object(Symfony\\Component\\Console\\Input\\ArgvInput), Object(Symfony\\Component\\Console\\Output\\ConsoleOutput))
#4 C:\\xampp b\\htdocs\\semester 5\\sistem-informasi-kepegawaian-8\\artisan(37): Illuminate\\Foundation\\Console\\Kernel->handle(Object(Symfony\\Component\\Console\\Input\\ArgvInput), Object(Symfony\\Component\\Console\\Output\\ConsoleOutput))
#5 {main}
"} 
[2022-11-08 13:14:40] local.ERROR: SQLSTATE[23000]: Integrity constraint violation: 1048 Column 'jenis_diklat' cannot be null (SQL: insert into `tm_diklat` (`jenis_diklat`, `updated_at`, `created_at`) values (?, 2022-11-08 13:14:39, 2022-11-08 13:14:39)) {"userId":1,"exception":"[object] (Illuminate\\Database\\QueryException(code: 23000): SQLSTATE[23000]: Integrity constraint violation: 1048 Column 'jenis_diklat' cannot be null (SQL: insert into `tm_diklat` (`jenis_diklat`, `updated_at`, `created_at`) values (?, 2022-11-08 13:14:39, 2022-11-08 13:14:39)) at C:\\xampp b\\htdocs\\semester 5\\sistem-informasi-kepegawaian-8\\vendor\\laravel\\framework\\src\\Illuminate\\Database\\Connection.php:712)
[stacktrace]
#0 C:\\xampp b\\htdocs\\semester 5\\sistem-informasi-kepegawaian-8\\vendor\\laravel\\framework\\src\\Illuminate\\Database\\Connection.php(672): Illuminate\\Database\\Connection->runQueryCallback('insert into `tm...', Array, Object(Closure))
#1 C:\\xampp b\\htdocs\\semester 5\\sistem-informasi-kepegawaian-8\\vendor\\laravel\\framework\\src\\Illuminate\\Database\\Connection.php(502): Illuminate\\Database\\Connection->run('insert into `tm...', Array, Object(Closure))
#2 C:\\xampp b\\htdocs\\semester 5\\sistem-informasi-kepegawaian-8\\vendor\\laravel\\framework\\src\\Illuminate\\Database\\Connection.php(454): Illuminate\\Database\\Connection->statement('insert into `tm...', Array)
#3 C:\\xampp b\\htdocs\\semester 5\\sistem-informasi-kepegawaian-8\\vendor\\laravel\\framework\\src\\Illuminate\\Database\\Query\\Processors\\Processor.php(32): Illuminate\\Database\\Connection->insert('insert into `tm...', Array)
#4 C:\\xampp b\\htdocs\\semester 5\\sistem-informasi-kepegawaian-8\\vendor\\laravel\\framework\\src\\Illuminate\\Database\\Query\\Builder.php(3028): Illuminate\\Database\\Query\\Processors\\Processor->processInsertGetId(Object(Illuminate\\Database\\Query\\Builder), 'insert into `tm...', Array, 'id')
#5 C:\\xampp b\\htdocs\\semester 5\\sistem-informasi-kepegawaian-8\\vendor\\laravel\\framework\\src\\Illuminate\\Database\\Eloquent\\Builder.php(1657): Illuminate\\Database\\Query\\Builder->insertGetId(Array, 'id')
#6 C:\\xampp b\\htdocs\\semester 5\\sistem-informasi-kepegawaian-8\\vendor\\laravel\\framework\\src\\Illuminate\\Database\\Eloquent\\Model.php(1188): Illuminate\\Database\\Eloquent\\Builder->__call('insertGetId', Array)
#7 C:\\xampp b\\htdocs\\semester 5\\sistem-informasi-kepegawaian-8\\vendor\\laravel\\framework\\src\\Illuminate\\Database\\Eloquent\\Model.php(1153): Illuminate\\Database\\Eloquent\\Model->insertAndSetId(Object(Illuminate\\Database\\Eloquent\\Builder), Array)
#8 C:\\xampp b\\htdocs\\semester 5\\sistem-informasi-kepegawaian-8\\vendor\\laravel\\framework\\src\\Illuminate\\Database\\Eloquent\\Model.php(994): Illuminate\\Database\\Eloquent\\Model->performInsert(Object(Illuminate\\Database\\Eloquent\\Builder))
#9 C:\\xampp b\\htdocs\\semester 5\\sistem-informasi-kepegawaian-8\\app\\Http\\Controllers\\TmDiklatController.php(23): Illuminate\\Database\\Eloquent\\Model->save()
#10 C:\\xampp b\\htdocs\\semester 5\\sistem-informasi-kepegawaian-8\\vendor\\laravel\\framework\\src\\Illuminate\\Routing\\Controller.php(54): App\\Http\\Controllers\\TmDiklatController->tambah(Object(Illuminate\\Http\\Request))
#11 C:\\xampp b\\htdocs\\semester 5\\sistem-informasi-kepegawaian-8\\vendor\\laravel\\framework\\src\\Illuminate\\Routing\\ControllerDispatcher.php(45): Illuminate\\Routing\\Controller->callAction('tambah', Array)
#12 C:\\xampp b\\htdocs\\semester 5\\sistem-informasi-kepegawaian-8\\vendor\\laravel\\framework\\src\\Illuminate\\Routing\\Route.php(262): Illuminate\\Routing\\ControllerDispatcher->dispatch(Object(Illuminate\\Routing\\Route), Object(App\\Http\\Controllers\\TmDiklatController), 'tambah')
#13 C:\\xampp b\\htdocs\\semester 5\\sistem-informasi-kepegawaian-8\\vendor\\laravel\\framework\\src\\Illuminate\\Routing\\Route.php(205): Illuminate\\Routing\\Route->runController()
#14 C:\\xampp b\\htdocs\\semester 5\\sistem-informasi-kepegawaian-8\\vendor\\laravel\\framework\\src\\Illuminate\\Routing\\Router.php(721): Illuminate\\Routing\\Route->run()
#15 C:\\xampp b\\htdocs\\semester 5\\sistem-informasi-kepegawaian-8\\vendor\\laravel\\framework\\src\\Illuminate\\Pipeline\\Pipeline.php(128): Illuminate\\Routing\\Router->Illuminate\\Routing\\{closure}(Object(Illuminate\\Http\\Request))
#16 C:\\xampp b\\htdocs\\semester 5\\sistem-informasi-kepegawaian-8\\vendor\\laravel\\framework\\src\\Illuminate\\Routing\\Middleware\\SubstituteBindings.php(50): Illuminate\\Pipeline\\Pipeline->Illuminate\\Pipeline\\{closure}(Object(Illuminate\\Http\\Request))
#17 C:\\xampp b\\htdocs\\semester 5\\sistem-informasi-kepegawaian-8\\vendor\\laravel\\framework\\src\\Illuminate\\Pipeline\\Pipeline.php(167): Illuminate\\Routing\\Middleware\\SubstituteBindings->handle(Object(Illuminate\\Http\\Request), Object(Closure))
#18 C:\\xampp b\\htdocs\\semester 5\\sistem-informasi-kepegawaian-8\\vendor\\laravel\\framework\\src\\Illuminate\\Auth\\Middleware\\Authenticate.php(44): Illuminate\\Pipeline\\Pipeline->Illuminate\\Pipeline\\{closure}(Object(Illuminate\\Http\\Request))
#19 C:\\xampp b\\htdocs\\semester 5\\sistem-informasi-kepegawaian-8\\vendor\\laravel\\framework\\src\\Illuminate\\Pipeline\\Pipeline.php(167): Illuminate\\Auth\\Middleware\\Authenticate->handle(Object(Illuminate\\Http\\Request), Object(Closure))
#20 C:\\xampp b\\htdocs\\semester 5\\sistem-informasi-kepegawaian-8\\vendor\\laravel\\framework\\src\\Illuminate\\Foundation\\Http\\Middleware\\VerifyCsrfToken.php(78): Illuminate\\Pipeline\\Pipeline->Illuminate\\Pipeline\\{closure}(Object(Illuminate\\Http\\Request))
#21 C:\\xampp b\\htdocs\\semester 5\\sistem-informasi-kepegawaian-8\\vendor\\laravel\\framework\\src\\Illuminate\\Pipeline\\Pipeline.php(167): Illuminate\\Foundation\\Http\\Middleware\\VerifyCsrfToken->handle(Object(Illuminate\\Http\\Request), Object(Closure))
#22 C:\\xampp b\\htdocs\\semester 5\\sistem-informasi-kepegawaian-8\\vendor\\laravel\\framework\\src\\Illuminate\\View\\Middleware\\ShareErrorsFromSession.php(49): Illuminate\\Pipeline\\Pipeline->Illuminate\\Pipeline\\{closure}(Object(Illuminate\\Http\\Request))
#23 C:\\xampp b\\htdocs\\semester 5\\sistem-informasi-kepegawaian-8\\vendor\\laravel\\framework\\src\\Illuminate\\Pipeline\\Pipeline.php(167): Illuminate\\View\\Middleware\\ShareErrorsFromSession->handle(Object(Illuminate\\Http\\Request), Object(Closure))
#24 C:\\xampp b\\htdocs\\semester 5\\sistem-informasi-kepegawaian-8\\vendor\\laravel\\framework\\src\\Illuminate\\Session\\Middleware\\StartSession.php(121): Illuminate\\Pipeline\\Pipeline->Illuminate\\Pipeline\\{closure}(Object(Illuminate\\Http\\Request))
#25 C:\\xampp b\\htdocs\\semester 5\\sistem-informasi-kepegawaian-8\\vendor\\laravel\\framework\\src\\Illuminate\\Session\\Middleware\\StartSession.php(64): Illuminate\\Session\\Middleware\\StartSession->handleStatefulRequest(Object(Illuminate\\Http\\Request), Object(Illuminate\\Session\\Store), Object(Closure))
#26 C:\\xampp b\\htdocs\\semester 5\\sistem-informasi-kepegawaian-8\\vendor\\laravel\\framework\\src\\Illuminate\\Pipeline\\Pipeline.php(167): Illuminate\\Session\\Middleware\\StartSession->handle(Object(Illuminate\\Http\\Request), Object(Closure))
#27 C:\\xampp b\\htdocs\\semester 5\\sistem-informasi-kepegawaian-8\\vendor\\laravel\\framework\\src\\Illuminate\\Cookie\\Middleware\\AddQueuedCookiesToResponse.php(37): Illuminate\\Pipeline\\Pipeline->Illuminate\\Pipeline\\{closure}(Object(Illuminate\\Http\\Request))
#28 C:\\xampp b\\htdocs\\semester 5\\sistem-informasi-kepegawaian-8\\vendor\\laravel\\framework\\src\\Illuminate\\Pipeline\\Pipeline.php(167): Illuminate\\Cookie\\Middleware\\AddQueuedCookiesToResponse->handle(Object(Illuminate\\Http\\Request), Object(Closure))
#29 C:\\xampp b\\htdocs\\semester 5\\sistem-informasi-kepegawaian-8\\vendor\\laravel\\framework\\src\\Illuminate\\Cookie\\Middleware\\EncryptCookies.php(67): Illuminate\\Pipeline\\Pipeline->Illuminate\\Pipeline\\{closure}(Object(Illuminate\\Http\\Request))
#30 C:\\xampp b\\htdocs\\semester 5\\sistem-informasi-kepegawaian-8\\vendor\\laravel\\framework\\src\\Illuminate\\Pipeline\\Pipeline.php(167): Illuminate\\Cookie\\Middleware\\EncryptCookies->handle(Object(Illuminate\\Http\\Request), Object(Closure))
#31 C:\\xampp b\\htdocs\\semester 5\\sistem-informasi-kepegawaian-8\\vendor\\laravel\\framework\\src\\Illuminate\\Pipeline\\Pipeline.php(103): Illuminate\\Pipeline\\Pipeline->Illuminate\\Pipeline\\{closure}(Object(Illuminate\\Http\\Request))
#32 C:\\xampp b\\htdocs\\semester 5\\sistem-informasi-kepegawaian-8\\vendor\\laravel\\framework\\src\\Illuminate\\Routing\\Router.php(723): Illuminate\\Pipeline\\Pipeline->then(Object(Closure))
#33 C:\\xampp b\\htdocs\\semester 5\\sistem-informasi-kepegawaian-8\\vendor\\laravel\\framework\\src\\Illuminate\\Routing\\Router.php(698): Illuminate\\Routing\\Router->runRouteWithinStack(Object(Illuminate\\Routing\\Route), Object(Illuminate\\Http\\Request))
#34 C:\\xampp b\\htdocs\\semester 5\\sistem-informasi-kepegawaian-8\\vendor\\laravel\\framework\\src\\Illuminate\\Routing\\Router.php(662): Illuminate\\Routing\\Router->runRoute(Object(Illuminate\\Http\\Request), Object(Illuminate\\Routing\\Route))
#35 C:\\xampp b\\htdocs\\semester 5\\sistem-informasi-kepegawaian-8\\vendor\\laravel\\framework\\src\\Illuminate\\Routing\\Router.php(651): Illuminate\\Routing\\Router->dispatchToRoute(Object(Illuminate\\Http\\Request))
#36 C:\\xampp b\\htdocs\\semester 5\\sistem-informasi-kepegawaian-8\\vendor\\laravel\\framework\\src\\Illuminate\\Foundation\\Http\\Kernel.php(167): Illuminate\\Routing\\Router->dispatch(Object(Illuminate\\Http\\Request))
#37 C:\\xampp b\\htdocs\\semester 5\\sistem-informasi-kepegawaian-8\\vendor\\laravel\\framework\\src\\Illuminate\\Pipeline\\Pipeline.php(128): Illuminate\\Foundation\\Http\\Kernel->Illuminate\\Foundation\\Http\\{closure}(Object(Illuminate\\Http\\Request))
#38 C:\\xampp b\\htdocs\\semester 5\\sistem-informasi-kepegawaian-8\\vendor\\laravel\\framework\\src\\Illuminate\\Foundation\\Http\\Middleware\\TransformsRequest.php(21): Illuminate\\Pipeline\\Pipeline->Illuminate\\Pipeline\\{closure}(Object(Illuminate\\Http\\Request))
#39 C:\\xampp b\\htdocs\\semester 5\\sistem-informasi-kepegawaian-8\\vendor\\laravel\\framework\\src\\Illuminate\\Foundation\\Http\\Middleware\\ConvertEmptyStringsToNull.php(31): Illuminate\\Foundation\\Http\\Middleware\\TransformsRequest->handle(Object(Illuminate\\Http\\Request), Object(Closure))
#40 C:\\xampp b\\htdocs\\semester 5\\sistem-informasi-kepegawaian-8\\vendor\\laravel\\framework\\src\\Illuminate\\Pipeline\\Pipeline.php(167): Illuminate\\Foundation\\Http\\Middleware\\ConvertEmptyStringsToNull->handle(Object(Illuminate\\Http\\Request), Object(Closure))
#41 C:\\xampp b\\htdocs\\semester 5\\sistem-informasi-kepegawaian-8\\vendor\\laravel\\framework\\src\\Illuminate\\Foundation\\Http\\Middleware\\TransformsRequest.php(21): Illuminate\\Pipeline\\Pipeline->Illuminate\\Pipeline\\{closure}(Object(Illuminate\\Http\\Request))
#42 C:\\xampp b\\htdocs\\semester 5\\sistem-informasi-kepegawaian-8\\vendor\\laravel\\framework\\src\\Illuminate\\Foundation\\Http\\Middleware\\TrimStrings.php(40): Illuminate\\Foundation\\Http\\Middleware\\TransformsRequest->handle(Object(Illuminate\\Http\\Request), Object(Closure))
#43 C:\\xampp b\\htdocs\\semester 5\\sistem-informasi-kepegawaian-8\\vendor\\laravel\\framework\\src\\Illuminate\\Pipeline\\Pipeline.php(167): Illuminate\\Foundation\\Http\\Middleware\\TrimStrings->handle(Object(Illuminate\\Http\\Request), Object(Closure))
#44 C:\\xampp b\\htdocs\\semester 5\\sistem-informasi-kepegawaian-8\\vendor\\laravel\\framework\\src\\Illuminate\\Foundation\\Http\\Middleware\\ValidatePostSize.php(27): Illuminate\\Pipeline\\Pipeline->Illuminate\\Pipeline\\{closure}(Object(Illuminate\\Http\\Request))
#45 C:\\xampp b\\htdocs\\semester 5\\sistem-informasi-kepegawaian-8\\vendor\\laravel\\framework\\src\\Illuminate\\Pipeline\\Pipeline.php(167): Illuminate\\Foundation\\Http\\Middleware\\ValidatePostSize->handle(Object(Illuminate\\Http\\Request), Object(Closure))
#46 C:\\xampp b\\htdocs\\semester 5\\sistem-informasi-kepegawaian-8\\vendor\\laravel\\framework\\src\\Illuminate\\Foundation\\Http\\Middleware\\PreventRequestsDuringMaintenance.php(86): Illuminate\\Pipeline\\Pipeline->Illuminate\\Pipeline\\{closure}(Object(Illuminate\\Http\\Request))
#47 C:\\xampp b\\htdocs\\semester 5\\sistem-informasi-kepegawaian-8\\vendor\\laravel\\framework\\src\\Illuminate\\Pipeline\\Pipeline.php(167): Illuminate\\Foundation\\Http\\Middleware\\PreventRequestsDuringMaintenance->handle(Object(Illuminate\\Http\\Request), Object(Closure))
#48 C:\\xampp b\\htdocs\\semester 5\\sistem-informasi-kepegawaian-8\\vendor\\fruitcake\\laravel-cors\\src\\HandleCors.php(38): Illuminate\\Pipeline\\Pipeline->Illuminate\\Pipeline\\{closure}(Object(Illuminate\\Http\\Request))
#49 C:\\xampp b\\htdocs\\semester 5\\sistem-informasi-kepegawaian-8\\vendor\\laravel\\framework\\src\\Illuminate\\Pipeline\\Pipeline.php(167): Fruitcake\\Cors\\HandleCors->handle(Object(Illuminate\\Http\\Request), Object(Closure))
#50 C:\\xampp b\\htdocs\\semester 5\\sistem-informasi-kepegawaian-8\\vendor\\laravel\\framework\\src\\Illuminate\\Http\\Middleware\\TrustProxies.php(39): Illuminate\\Pipeline\\Pipeline->Illuminate\\Pipeline\\{closure}(Object(Illuminate\\Http\\Request))
#51 C:\\xampp b\\htdocs\\semester 5\\sistem-informasi-kepegawaian-8\\vendor\\laravel\\framework\\src\\Illuminate\\Pipeline\\Pipeline.php(167): Illuminate\\Http\\Middleware\\TrustProxies->handle(Object(Illuminate\\Http\\Request), Object(Closure))
#52 C:\\xampp b\\htdocs\\semester 5\\sistem-informasi-kepegawaian-8\\vendor\\laravel\\framework\\src\\Illuminate\\Pipeline\\Pipeline.php(103): Illuminate\\Pipeline\\Pipeline->Illuminate\\Pipeline\\{closure}(Object(Illuminate\\Http\\Request))
#53 C:\\xampp b\\htdocs\\semester 5\\sistem-informasi-kepegawaian-8\\vendor\\laravel\\framework\\src\\Illuminate\\Foundation\\Http\\Kernel.php(142): Illuminate\\Pipeline\\Pipeline->then(Object(Closure))
#54 C:\\xampp b\\htdocs\\semester 5\\sistem-informasi-kepegawaian-8\\vendor\\laravel\\framework\\src\\Illuminate\\Foundation\\Http\\Kernel.php(111): Illuminate\\Foundation\\Http\\Kernel->sendRequestThroughRouter(Object(Illuminate\\Http\\Request))
#55 C:\\xampp b\\htdocs\\semester 5\\sistem-informasi-kepegawaian-8\\public\\index.php(52): Illuminate\\Foundation\\Http\\Kernel->handle(Object(Illuminate\\Http\\Request))
#56 C:\\xampp b\\htdocs\\semester 5\\sistem-informasi-kepegawaian-8\\server.php(21): require_once('C:\\\\xampp b\\\\htdo...')
#57 {main}

[previous exception] [object] (PDOException(code: 23000): SQLSTATE[23000]: Integrity constraint violation: 1048 Column 'jenis_diklat' cannot be null at C:\\xampp b\\htdocs\\semester 5\\sistem-informasi-kepegawaian-8\\vendor\\laravel\\framework\\src\\Illuminate\\Database\\Connection.php:501)
[stacktrace]
#0 C:\\xampp b\\htdocs\\semester 5\\sistem-informasi-kepegawaian-8\\vendor\\laravel\\framework\\src\\Illuminate\\Database\\Connection.php(501): PDOStatement->execute()
#1 C:\\xampp b\\htdocs\\semester 5\\sistem-informasi-kepegawaian-8\\vendor\\laravel\\framework\\src\\Illuminate\\Database\\Connection.php(705): Illuminate\\Database\\Connection->Illuminate\\Database\\{closure}('insert into `tm...', Array)
#2 C:\\xampp b\\htdocs\\semester 5\\sistem-informasi-kepegawaian-8\\vendor\\laravel\\framework\\src\\Illuminate\\Database\\Connection.php(672): Illuminate\\Database\\Connection->runQueryCallback('insert into `tm...', Array, Object(Closure))
#3 C:\\xampp b\\htdocs\\semester 5\\sistem-informasi-kepegawaian-8\\vendor\\laravel\\framework\\src\\Illuminate\\Database\\Connection.php(502): Illuminate\\Database\\Connection->run('insert into `tm...', Array, Object(Closure))
#4 C:\\xampp b\\htdocs\\semester 5\\sistem-informasi-kepegawaian-8\\vendor\\laravel\\framework\\src\\Illuminate\\Database\\Connection.php(454): Illuminate\\Database\\Connection->statement('insert into `tm...', Array)
#5 C:\\xampp b\\htdocs\\semester 5\\sistem-informasi-kepegawaian-8\\vendor\\laravel\\framework\\src\\Illuminate\\Database\\Query\\Processors\\Processor.php(32): Illuminate\\Database\\Connection->insert('insert into `tm...', Array)
#6 C:\\xampp b\\htdocs\\semester 5\\sistem-informasi-kepegawaian-8\\vendor\\laravel\\framework\\src\\Illuminate\\Database\\Query\\Builder.php(3028): Illuminate\\Database\\Query\\Processors\\Processor->processInsertGetId(Object(Illuminate\\Database\\Query\\Builder), 'insert into `tm...', Array, 'id')
#7 C:\\xampp b\\htdocs\\semester 5\\sistem-informasi-kepegawaian-8\\vendor\\laravel\\framework\\src\\Illuminate\\Database\\Eloquent\\Builder.php(1657): Illuminate\\Database\\Query\\Builder->insertGetId(Array, 'id')
#8 C:\\xampp b\\htdocs\\semester 5\\sistem-informasi-kepegawaian-8\\vendor\\laravel\\framework\\src\\Illuminate\\Database\\Eloquent\\Model.php(1188): Illuminate\\Database\\Eloquent\\Builder->__call('insertGetId', Array)
#9 C:\\xampp b\\htdocs\\semester 5\\sistem-informasi-kepegawaian-8\\vendor\\laravel\\framework\\src\\Illuminate\\Database\\Eloquent\\Model.php(1153): Illuminate\\Database\\Eloquent\\Model->insertAndSetId(Object(Illuminate\\Database\\Eloquent\\Builder), Array)
#10 C:\\xampp b\\htdocs\\semester 5\\sistem-informasi-kepegawaian-8\\vendor\\laravel\\framework\\src\\Illuminate\\Database\\Eloquent\\Model.php(994): Illuminate\\Database\\Eloquent\\Model->performInsert(Object(Illuminate\\Database\\Eloquent\\Builder))
#11 C:\\xampp b\\htdocs\\semester 5\\sistem-informasi-kepegawaian-8\\app\\Http\\Controllers\\TmDiklatController.php(23): Illuminate\\Database\\Eloquent\\Model->save()
#12 C:\\xampp b\\htdocs\\semester 5\\sistem-informasi-kepegawaian-8\\vendor\\laravel\\framework\\src\\Illuminate\\Routing\\Controller.php(54): App\\Http\\Controllers\\TmDiklatController->tambah(Object(Illuminate\\Http\\Request))
#13 C:\\xampp b\\htdocs\\semester 5\\sistem-informasi-kepegawaian-8\\vendor\\laravel\\framework\\src\\Illuminate\\Routing\\ControllerDispatcher.php(45): Illuminate\\Routing\\Controller->callAction('tambah', Array)
#14 C:\\xampp b\\htdocs\\semester 5\\sistem-informasi-kepegawaian-8\\vendor\\laravel\\framework\\src\\Illuminate\\Routing\\Route.php(262): Illuminate\\Routing\\ControllerDispatcher->dispatch(Object(Illuminate\\Routing\\Route), Object(App\\Http\\Controllers\\TmDiklatController), 'tambah')
#15 C:\\xampp b\\htdocs\\semester 5\\sistem-informasi-kepegawaian-8\\vendor\\laravel\\framework\\src\\Illuminate\\Routing\\Route.php(205): Illuminate\\Routing\\Route->runController()
#16 C:\\xampp b\\htdocs\\semester 5\\sistem-informasi-kepegawaian-8\\vendor\\laravel\\framework\\src\\Illuminate\\Routing\\Router.php(721): Illuminate\\Routing\\Route->run()
#17 C:\\xampp b\\htdocs\\semester 5\\sistem-informasi-kepegawaian-8\\vendor\\laravel\\framework\\src\\Illuminate\\Pipeline\\Pipeline.php(128): Illuminate\\Routing\\Router->Illuminate\\Routing\\{closure}(Object(Illuminate\\Http\\Request))
#18 C:\\xampp b\\htdocs\\semester 5\\sistem-informasi-kepegawaian-8\\vendor\\laravel\\framework\\src\\Illuminate\\Routing\\Middleware\\SubstituteBindings.php(50): Illuminate\\Pipeline\\Pipeline->Illuminate\\Pipeline\\{closure}(Object(Illuminate\\Http\\Request))
#19 C:\\xampp b\\htdocs\\semester 5\\sistem-informasi-kepegawaian-8\\vendor\\laravel\\framework\\src\\Illuminate\\Pipeline\\Pipeline.php(167): Illuminate\\Routing\\Middleware\\SubstituteBindings->handle(Object(Illuminate\\Http\\Request), Object(Closure))
#20 C:\\xampp b\\htdocs\\semester 5\\sistem-informasi-kepegawaian-8\\vendor\\laravel\\framework\\src\\Illuminate\\Auth\\Middleware\\Authenticate.php(44): Illuminate\\Pipeline\\Pipeline->Illuminate\\Pipeline\\{closure}(Object(Illuminate\\Http\\Request))
#21 C:\\xampp b\\htdocs\\semester 5\\sistem-informasi-kepegawaian-8\\vendor\\laravel\\framework\\src\\Illuminate\\Pipeline\\Pipeline.php(167): Illuminate\\Auth\\Middleware\\Authenticate->handle(Object(Illuminate\\Http\\Request), Object(Closure))
#22 C:\\xampp b\\htdocs\\semester 5\\sistem-informasi-kepegawaian-8\\vendor\\laravel\\framework\\src\\Illuminate\\Foundation\\Http\\Middleware\\VerifyCsrfToken.php(78): Illuminate\\Pipeline\\Pipeline->Illuminate\\Pipeline\\{closure}(Object(Illuminate\\Http\\Request))
#23 C:\\xampp b\\htdocs\\semester 5\\sistem-informasi-kepegawaian-8\\vendor\\laravel\\framework\\src\\Illuminate\\Pipeline\\Pipeline.php(167): Illuminate\\Foundation\\Http\\Middleware\\VerifyCsrfToken->handle(Object(Illuminate\\Http\\Request), Object(Closure))
#24 C:\\xampp b\\htdocs\\semester 5\\sistem-informasi-kepegawaian-8\\vendor\\laravel\\framework\\src\\Illuminate\\View\\Middleware\\ShareErrorsFromSession.php(49): Illuminate\\Pipeline\\Pipeline->Illuminate\\Pipeline\\{closure}(Object(Illuminate\\Http\\Request))
#25 C:\\xampp b\\htdocs\\semester 5\\sistem-informasi-kepegawaian-8\\vendor\\laravel\\framework\\src\\Illuminate\\Pipeline\\Pipeline.php(167): Illuminate\\View\\Middleware\\ShareErrorsFromSession->handle(Object(Illuminate\\Http\\Request), Object(Closure))
#26 C:\\xampp b\\htdocs\\semester 5\\sistem-informasi-kepegawaian-8\\vendor\\laravel\\framework\\src\\Illuminate\\Session\\Middleware\\StartSession.php(121): Illuminate\\Pipeline\\Pipeline->Illuminate\\Pipeline\\{closure}(Object(Illuminate\\Http\\Request))
#27 C:\\xampp b\\htdocs\\semester 5\\sistem-informasi-kepegawaian-8\\vendor\\laravel\\framework\\src\\Illuminate\\Session\\Middleware\\StartSession.php(64): Illuminate\\Session\\Middleware\\StartSession->handleStatefulRequest(Object(Illuminate\\Http\\Request), Object(Illuminate\\Session\\Store), Object(Closure))
#28 C:\\xampp b\\htdocs\\semester 5\\sistem-informasi-kepegawaian-8\\vendor\\laravel\\framework\\src\\Illuminate\\Pipeline\\Pipeline.php(167): Illuminate\\Session\\Middleware\\StartSession->handle(Object(Illuminate\\Http\\Request), Object(Closure))
#29 C:\\xampp b\\htdocs\\semester 5\\sistem-informasi-kepegawaian-8\\vendor\\laravel\\framework\\src\\Illuminate\\Cookie\\Middleware\\AddQueuedCookiesToResponse.php(37): Illuminate\\Pipeline\\Pipeline->Illuminate\\Pipeline\\{closure}(Object(Illuminate\\Http\\Request))
#30 C:\\xampp b\\htdocs\\semester 5\\sistem-informasi-kepegawaian-8\\vendor\\laravel\\framework\\src\\Illuminate\\Pipeline\\Pipeline.php(167): Illuminate\\Cookie\\Middleware\\AddQueuedCookiesToResponse->handle(Object(Illuminate\\Http\\Request), Object(Closure))
#31 C:\\xampp b\\htdocs\\semester 5\\sistem-informasi-kepegawaian-8\\vendor\\laravel\\framework\\src\\Illuminate\\Cookie\\Middleware\\EncryptCookies.php(67): Illuminate\\Pipeline\\Pipeline->Illuminate\\Pipeline\\{closure}(Object(Illuminate\\Http\\Request))
#32 C:\\xampp b\\htdocs\\semester 5\\sistem-informasi-kepegawaian-8\\vendor\\laravel\\framework\\src\\Illuminate\\Pipeline\\Pipeline.php(167): Illuminate\\Cookie\\Middleware\\EncryptCookies->handle(Object(Illuminate\\Http\\Request), Object(Closure))
#33 C:\\xampp b\\htdocs\\semester 5\\sistem-informasi-kepegawaian-8\\vendor\\laravel\\framework\\src\\Illuminate\\Pipeline\\Pipeline.php(103): Illuminate\\Pipeline\\Pipeline->Illuminate\\Pipeline\\{closure}(Object(Illuminate\\Http\\Request))
#34 C:\\xampp b\\htdocs\\semester 5\\sistem-informasi-kepegawaian-8\\vendor\\laravel\\framework\\src\\Illuminate\\Routing\\Router.php(723): Illuminate\\Pipeline\\Pipeline->then(Object(Closure))
#35 C:\\xampp b\\htdocs\\semester 5\\sistem-informasi-kepegawaian-8\\vendor\\laravel\\framework\\src\\Illuminate\\Routing\\Router.php(698): Illuminate\\Routing\\Router->runRouteWithinStack(Object(Illuminate\\Routing\\Route), Object(Illuminate\\Http\\Request))
#36 C:\\xampp b\\htdocs\\semester 5\\sistem-informasi-kepegawaian-8\\vendor\\laravel\\framework\\src\\Illuminate\\Routing\\Router.php(662): Illuminate\\Routing\\Router->runRoute(Object(Illuminate\\Http\\Request), Object(Illuminate\\Routing\\Route))
#37 C:\\xampp b\\htdocs\\semester 5\\sistem-informasi-kepegawaian-8\\vendor\\laravel\\framework\\src\\Illuminate\\Routing\\Router.php(651): Illuminate\\Routing\\Router->dispatchToRoute(Object(Illuminate\\Http\\Request))
#38 C:\\xampp b\\htdocs\\semester 5\\sistem-informasi-kepegawaian-8\\vendor\\laravel\\framework\\src\\Illuminate\\Foundation\\Http\\Kernel.php(167): Illuminate\\Routing\\Router->dispatch(Object(Illuminate\\Http\\Request))
#39 C:\\xampp b\\htdocs\\semester 5\\sistem-informasi-kepegawaian-8\\vendor\\laravel\\framework\\src\\Illuminate\\Pipeline\\Pipeline.php(128): Illuminate\\Foundation\\Http\\Kernel->Illuminate\\Foundation\\Http\\{closure}(Object(Illuminate\\Http\\Request))
#40 C:\\xampp b\\htdocs\\semester 5\\sistem-informasi-kepegawaian-8\\vendor\\laravel\\framework\\src\\Illuminate\\Foundation\\Http\\Middleware\\TransformsRequest.php(21): Illuminate\\Pipeline\\Pipeline->Illuminate\\Pipeline\\{closure}(Object(Illuminate\\Http\\Request))
#41 C:\\xampp b\\htdocs\\semester 5\\sistem-informasi-kepegawaian-8\\vendor\\laravel\\framework\\src\\Illuminate\\Foundation\\Http\\Middleware\\ConvertEmptyStringsToNull.php(31): Illuminate\\Foundation\\Http\\Middleware\\TransformsRequest->handle(Object(Illuminate\\Http\\Request), Object(Closure))
#42 C:\\xampp b\\htdocs\\semester 5\\sistem-informasi-kepegawaian-8\\vendor\\laravel\\framework\\src\\Illuminate\\Pipeline\\Pipeline.php(167): Illuminate\\Foundation\\Http\\Middleware\\ConvertEmptyStringsToNull->handle(Object(Illuminate\\Http\\Request), Object(Closure))
#43 C:\\xampp b\\htdocs\\semester 5\\sistem-informasi-kepegawaian-8\\vendor\\laravel\\framework\\src\\Illuminate\\Foundation\\Http\\Middleware\\TransformsRequest.php(21): Illuminate\\Pipeline\\Pipeline->Illuminate\\Pipeline\\{closure}(Object(Illuminate\\Http\\Request))
#44 C:\\xampp b\\htdocs\\semester 5\\sistem-informasi-kepegawaian-8\\vendor\\laravel\\framework\\src\\Illuminate\\Foundation\\Http\\Middleware\\TrimStrings.php(40): Illuminate\\Foundation\\Http\\Middleware\\TransformsRequest->handle(Object(Illuminate\\Http\\Request), Object(Closure))
#45 C:\\xampp b\\htdocs\\semester 5\\sistem-informasi-kepegawaian-8\\vendor\\laravel\\framework\\src\\Illuminate\\Pipeline\\Pipeline.php(167): Illuminate\\Foundation\\Http\\Middleware\\TrimStrings->handle(Object(Illuminate\\Http\\Request), Object(Closure))
#46 C:\\xampp b\\htdocs\\semester 5\\sistem-informasi-kepegawaian-8\\vendor\\laravel\\framework\\src\\Illuminate\\Foundation\\Http\\Middleware\\ValidatePostSize.php(27): Illuminate\\Pipeline\\Pipeline->Illuminate\\Pipeline\\{closure}(Object(Illuminate\\Http\\Request))
#47 C:\\xampp b\\htdocs\\semester 5\\sistem-informasi-kepegawaian-8\\vendor\\laravel\\framework\\src\\Illuminate\\Pipeline\\Pipeline.php(167): Illuminate\\Foundation\\Http\\Middleware\\ValidatePostSize->handle(Object(Illuminate\\Http\\Request), Object(Closure))
#48 C:\\xampp b\\htdocs\\semester 5\\sistem-informasi-kepegawaian-8\\vendor\\laravel\\framework\\src\\Illuminate\\Foundation\\Http\\Middleware\\PreventRequestsDuringMaintenance.php(86): Illuminate\\Pipeline\\Pipeline->Illuminate\\Pipeline\\{closure}(Object(Illuminate\\Http\\Request))
#49 C:\\xampp b\\htdocs\\semester 5\\sistem-informasi-kepegawaian-8\\vendor\\laravel\\framework\\src\\Illuminate\\Pipeline\\Pipeline.php(167): Illuminate\\Foundation\\Http\\Middleware\\PreventRequestsDuringMaintenance->handle(Object(Illuminate\\Http\\Request), Object(Closure))
#50 C:\\xampp b\\htdocs\\semester 5\\sistem-informasi-kepegawaian-8\\vendor\\fruitcake\\laravel-cors\\src\\HandleCors.php(38): Illuminate\\Pipeline\\Pipeline->Illuminate\\Pipeline\\{closure}(Object(Illuminate\\Http\\Request))
#51 C:\\xampp b\\htdocs\\semester 5\\sistem-informasi-kepegawaian-8\\vendor\\laravel\\framework\\src\\Illuminate\\Pipeline\\Pipeline.php(167): Fruitcake\\Cors\\HandleCors->handle(Object(Illuminate\\Http\\Request), Object(Closure))
#52 C:\\xampp b\\htdocs\\semester 5\\sistem-informasi-kepegawaian-8\\vendor\\laravel\\framework\\src\\Illuminate\\Http\\Middleware\\TrustProxies.php(39): Illuminate\\Pipeline\\Pipeline->Illuminate\\Pipeline\\{closure}(Object(Illuminate\\Http\\Request))
#53 C:\\xampp b\\htdocs\\semester 5\\sistem-informasi-kepegawaian-8\\vendor\\laravel\\framework\\src\\Illuminate\\Pipeline\\Pipeline.php(167): Illuminate\\Http\\Middleware\\TrustProxies->handle(Object(Illuminate\\Http\\Request), Object(Closure))
#54 C:\\xampp b\\htdocs\\semester 5\\sistem-informasi-kepegawaian-8\\vendor\\laravel\\framework\\src\\Illuminate\\Pipeline\\Pipeline.php(103): Illuminate\\Pipeline\\Pipeline->Illuminate\\Pipeline\\{closure}(Object(Illuminate\\Http\\Request))
#55 C:\\xampp b\\htdocs\\semester 5\\sistem-informasi-kepegawaian-8\\vendor\\laravel\\framework\\src\\Illuminate\\Foundation\\Http\\Kernel.php(142): Illuminate\\Pipeline\\Pipeline->then(Object(Closure))
#56 C:\\xampp b\\htdocs\\semester 5\\sistem-informasi-kepegawaian-8\\vendor\\laravel\\framework\\src\\Illuminate\\Foundation\\Http\\Kernel.php(111): Illuminate\\Foundation\\Http\\Kernel->sendRequestThroughRouter(Object(Illuminate\\Http\\Request))
#57 C:\\xampp b\\htdocs\\semester 5\\sistem-informasi-kepegawaian-8\\public\\index.php(52): Illuminate\\Foundation\\Http\\Kernel->handle(Object(Illuminate\\Http\\Request))
#58 C:\\xampp b\\htdocs\\semester 5\\sistem-informasi-kepegawaian-8\\server.php(21): require_once('C:\\\\xampp b\\\\htdo...')
#59 {main}
"} 
